<?xml version="1.0" encoding="UTF-8"?>
<testsuite xmlns:xsi="http://www.w3.org/2001/XMLSchema-instance" xsi:noNamespaceSchemaLocation="https://maven.apache.org/surefire/maven-surefire-plugin/xsd/surefire-test-report.xsd" name="com.cg.project.MainTest" time="0.073" tests="5" errors="0" skipped="0" failures="3">
  <properties>
[...]
</properties>
  <testcase name="test1" classname="com.cg.project.MainTest" time="0.008">
    <failure type="java.lang.AssertionError">java.lang.AssertionError
	at com.cg.project.MainTest.test1(MainTest.java:12)
</failure>
    <system-out><![CDATA[
]]></system-out>
  </testcase>
  <testcase name="test2" classname="com.cg.project.MainTest" time="0"/>
  <testcase name="test3" classname="com.cg.project.MainTest" time="0.001"/>
  <testcase name="test4" classname="com.cg.project.MainTest" time="0">
    <failure type="java.lang.AssertionError">java.lang.AssertionError
	at com.cg.project.MainTest.test4(MainTest.java:27)
</failure>
    <system-out><![CDATA[
]]></system-out>
  </testcase>
  <testcase name="test5" classname="com.cg.project.MainTest" time="0">
    <failure type="java.lang.AssertionError">java.lang.AssertionError
	at com.cg.project.MainTest.test5(MainTest.java:33)
</failure>
    <system-out><![CDATA[
]]></system-out>
  </testcase>
</testsuite>